WARNING tornado.access-log_request-2019-08-03 09:49:45,169 C:\softDev\python35\lib\site-packages\tornado\web.py 2246:404 GET /topic (::1) 1.00ms
INFO tornado.access-get-2019-08-03 09:51:57,851 C:\workSpace\python\project\WBMSBT\handlers\Extra\extra_topic_handler.py 20:GET /topic (::1). get extrabase.html
ERROR tornado.access-log_request-2019-08-03 09:51:57,911 C:\softDev\python35\lib\site-packages\tornado\web.py 2246:500 GET /topic (::1) 1201.81ms
INFO tornado.access-log_request-2019-08-03 09:51:58,169 C:\softDev\python35\lib\site-packages\tornado\web.py 2246:200 GET /favicon.ico (::1) 232.38ms
INFO tornado.access-get-2019-08-03 09:53:00,459 C:\workSpace\python\project\WBMSBT\handlers\Extra\extra_topic_handler.py 20:GET /topic (::1). get extrabase.html
INFO tornado.access-log_request-2019-08-03 09:53:00,467 C:\softDev\python35\lib\site-packages\tornado\web.py 2246:200 GET /topic (::1) 1040.24ms
INFO tornado.access-log_request-2019-08-03 09:53:00,865 C:\softDev\python35\lib\site-packages\tornado\web.py 2246:200 GET /favicon.ico (::1) 223.40ms
INFO tornado.access-get-2019-08-03 09:57:02,170 C:\workSpace\python\project\WBMSBT\handlers\Extra\extra_topic_handler.py 20:GET /topic (::1). get extrabase.html
INFO tornado.access-log_request-2019-08-03 09:57:02,177 C:\softDev\python35\lib\site-packages\tornado\web.py 2246:200 GET /topic (::1) 1049.22ms
INFO tornado.access-log_request-2019-08-03 09:57:02,417 C:\softDev\python35\lib\site-packages\tornado\web.py 2246:200 GET /static/libs/css/extra.css?v=a2e4db4c23482b7cea00efffe08bfaa5 (::1) 233.38ms
INFO tornado.access-log_request-2019-08-03 09:57:02,428 C:\softDev\python35\lib\site-packages\tornado\web.py 2246:200 GET /favicon.ico (::1) 1.99ms
INFO tornado.access-get-2019-08-03 09:57:51,551 C:\workSpace\python\project\WBMSBT\handlers\Extra\extra_topic_handler.py 20:GET /topic (::1). get extrabase.html
INFO tornado.access-log_request-2019-08-03 09:57:51,569 C:\softDev\python35\lib\site-packages\tornado\web.py 2246:200 GET /topic (::1) 1058.17ms
INFO tornado.access-log_request-2019-08-03 09:57:51,855 C:\softDev\python35\lib\site-packages\tornado\web.py 2246:200 GET /static/libs/css/extra.css?v=4c1dee73d5206e308b98e67af1c76abf (::1) 232.40ms
INFO tornado.access-log_request-2019-08-03 09:57:51,864 C:\softDev\python35\lib\site-packages\tornado\web.py 2246:200 GET /favicon.ico (::1) 0.99ms
INFO tornado.access-get-2019-08-03 10:38:50,807 C:\workSpace\python\project\WBMSBT\handlers\Extra\extra_topic_handler.py 21:GET /topic (::1). get extrabase.html
INFO tornado.access-log_request-2019-08-03 10:38:50,819 C:\softDev\python35\lib\site-packages\tornado\web.py 2246:200 GET /topic (::1) 1049.22ms
INFO tornado.access-log_request-2019-08-03 10:38:51,087 C:\softDev\python35\lib\site-packages\tornado\web.py 2246:200 GET /favicon.ico (::1) 232.41ms
INFO tornado.access-get-2019-08-03 10:40:15,669 C:\workSpace\python\project\WBMSBT\handlers\Extra\extra_topic_handler.py 21:GET /topic (::1). get extrabase.html
INFO tornado.access-log_request-2019-08-03 10:40:15,754 C:\softDev\python35\lib\site-packages\tornado\web.py 2246:200 GET /topic (::1) 1117.02ms
INFO tornado.access-log_request-2019-08-03 10:40:16,117 C:\softDev\python35\lib\site-packages\tornado\web.py 2246:200 GET /favicon.ico (::1) 233.40ms
INFO tornado.access-get-2019-08-03 10:40:45,770 C:\workSpace\python\project\WBMSBT\handlers\Extra\extra_topic_handler.py 21:GET /topic (127.0.0.1). get extrabase.html
INFO tornado.access-log_request-2019-08-03 10:40:45,778 C:\softDev\python35\lib\site-packages\tornado\web.py 2246:200 GET /topic (127.0.0.1) 1041.25ms
INFO tornado.access-log_request-2019-08-03 10:40:46,022 C:\softDev\python35\lib\site-packages\tornado\web.py 2246:200 GET /favicon.ico (127.0.0.1) 220.40ms
INFO tornado.access-get-2019-08-03 10:41:05,720 C:\workSpace\python\project\WBMSBT\handlers\Extra\extra_topic_handler.py 21:GET /topic (::1). get extrabase.html
INFO tornado.access-log_request-2019-08-03 10:41:05,725 C:\softDev\python35\lib\site-packages\tornado\web.py 2246:200 GET /topic (::1) 1047.23ms
INFO tornado.access-log_request-2019-08-03 10:41:05,969 C:\softDev\python35\lib\site-packages\tornado\web.py 2246:200 GET /favicon.ico (::1) 220.44ms
INFO tornado.access-get-2019-08-03 10:41:09,452 C:\workSpace\python\project\WBMSBT\handlers\Extra\extra_topic_handler.py 21:GET /topic (::1). get extrabase.html
INFO tornado.access-log_request-2019-08-03 10:41:09,456 C:\softDev\python35\lib\site-packages\tornado\web.py 2246:304 GET /topic (::1) 1010.32ms
INFO tornado.access-log_request-2019-08-03 10:41:09,476 C:\softDev\python35\lib\site-packages\tornado\web.py 2246:200 GET /favicon.ico (::1) 1.00ms
INFO tornado.access-get-2019-08-03 10:42:55,024 C:\workSpace\python\project\WBMSBT\handlers\Extra\extra_topic_handler.py 21:GET /topic (::1). get extrabase.html
INFO tornado.access-log_request-2019-08-03 10:42:55,025 C:\softDev\python35\lib\site-packages\tornado\web.py 2246:304 GET /topic (::1) 1006.31ms
INFO tornado.access-log_request-2019-08-03 10:42:55,058 C:\softDev\python35\lib\site-packages\tornado\web.py 2246:200 GET /favicon.ico (::1) 1.00ms
INFO tornado.access-get-2019-08-03 10:48:16,029 C:\workSpace\python\project\WBMSBT\handlers\Extra\extra_topic_handler.py 21:GET /topic (::1). get extrabase.html
INFO tornado.access-log_request-2019-08-03 10:48:16,030 C:\softDev\python35\lib\site-packages\tornado\web.py 2246:304 GET /topic (::1) 1006.31ms
INFO tornado.access-log_request-2019-08-03 10:48:16,078 C:\softDev\python35\lib\site-packages\tornado\web.py 2246:200 GET /favicon.ico (::1) 1.00ms
WARNING tornado.access-log_request-2019-08-03 10:51:12,590 C:\softDev\python35\lib\site-packages\tornado\web.py 2246:403 POST /topic (::1) 1009.34ms
INFO tornado.access-get-2019-08-03 10:53:04,790 C:\workSpace\python\project\WBMSBT\handlers\signin_handler.py 23:GET / (::1) ,sign in.
INFO tornado.access-log_request-2019-08-03 10:53:04,811 C:\softDev\python35\lib\site-packages\tornado\web.py 2246:304 GET / (::1) 1084.06ms
INFO tornado.access-post-2019-08-03 10:53:05,266 C:\workSpace\python\project\WBMSBT\handlers\admin_handler.py 21:POST /admin/verifyCode (::1) , imgage code:09LW
INFO tornado.access-log_request-2019-08-03 10:53:05,266 C:\softDev\python35\lib\site-packages\tornado\web.py 2246:200 POST /admin/verifyCode (::1) 410.89ms
INFO tornado.access-post-2019-08-03 10:53:10,709 C:\workSpace\python\project\WBMSBT\handlers\signin_handler.py 28:POST /signin (::1) ,sign in.
INFO tornado.access-log_request-2019-08-03 10:53:11,754 C:\softDev\python35\lib\site-packages\tornado\web.py 2246:200 POST /signin (::1) 1143.95ms
INFO tornado.access-get-2019-08-03 10:53:13,001 C:\workSpace\python\project\WBMSBT\handlers\main_handler.py 28:GET /home (::1).
INFO tornado.access-get-2019-08-03 10:53:13,001 C:\workSpace\python\project\WBMSBT\handlers\main_handler.py 29:get home
INFO tornado.access-log_request-2019-08-03 10:53:13,071 C:\softDev\python35\lib\site-packages\tornado\web.py 2246:304 GET /home (::1) 1263.66ms
INFO tornado.access-get-2019-08-03 10:53:20,667 C:\workSpace\python\project\WBMSBT\handlers\Extra\extra_topic_handler.py 21:GET /topic (::1). get extrabase.html
INFO tornado.access-log_request-2019-08-03 10:53:20,673 C:\softDev\python35\lib\site-packages\tornado\web.py 2246:200 GET /topic (::1) 1163.92ms
INFO tornado.access-log_request-2019-08-03 10:53:20,980 C:\softDev\python35\lib\site-packages\tornado\web.py 2246:200 GET /favicon.ico (::1) 230.38ms
INFO tornado.access-get-2019-08-03 10:55:14,549 C:\workSpace\python\project\WBMSBT\handlers\Extra\extra_topic_handler.py 21:GET /topic (::1). get extrabase.html
INFO tornado.access-log_request-2019-08-03 10:55:14,558 C:\softDev\python35\lib\site-packages\tornado\web.py 2246:200 GET /topic (::1) 1123.03ms
INFO tornado.access-log_request-2019-08-03 10:55:14,849 C:\softDev\python35\lib\site-packages\tornado\web.py 2246:200 GET /favicon.ico (::1) 230.41ms
INFO tornado.access-post-2019-08-03 10:55:29,464 C:\workSpace\python\project\WBMSBT\handlers\Extra\extra_topic_handler.py 47:POST /topic (::1). post add a topic
INFO tornado.access-log_request-2019-08-03 10:55:29,541 C:\softDev\python35\lib\site-packages\tornado\web.py 2246:200 POST /topic (::1) 1152.96ms
INFO tornado.access-get-2019-08-03 10:55:32,997 C:\workSpace\python\project\WBMSBT\handlers\Extra\extra_topic_handler.py 21:GET /topic (::1). get extrabase.html
INFO tornado.access-log_request-2019-08-03 10:55:33,000 C:\softDev\python35\lib\site-packages\tornado\web.py 2246:200 GET /topic (::1) 1130.03ms
