2019-08-01 10:30:25,047 tornado.access INFO     - GET / (::1) ,sign in.
2019-08-01 10:30:25,137 tornado.access INFO     - 200 GET / (::1) 1293.56ms
2019-08-01 10:30:25,868 tornado.access INFO     - POST /admin/verifyCode (::1) , imgage code:aK2q
2019-08-01 10:30:25,869 tornado.access INFO     - 200 POST /admin/verifyCode (::1) 471.72ms
2019-08-01 10:30:26,069 tornado.access INFO     - 200 GET /favicon.ico (::1) 198.47ms
2019-08-01 11:04:39,857 tornado.access WARNING  - 404 GET /extra (::1) 1.00ms
2019-08-01 11:06:27,415 tornado.access INFO     - GET /extra (::1). get extrabase.html
2019-08-01 11:06:27,419 tornado.access INFO     - 200 GET /extra (::1) 1046.23ms
2019-08-01 11:06:27,600 tornado.access INFO     - 200 GET /favicon.ico (::1) 171.57ms
2019-08-01 11:16:29,716 tornado.access INFO     - GET /extra (::1). get extrabase.html
2019-08-01 11:16:29,719 tornado.application ERROR    - Uncaught exception GET /extra (::1)
HTTPServerRequest(protocol='http', host='localhost:8081', method='GET', uri='/extra', version='HTTP/1.1', remote_ip='::1')
Traceback (most recent call last):
  File "C:\softDev\python35\lib\site-packages\tornado\web.py", line 1697, in _execute
    result = method(*self.path_args, **self.path_kwargs)
  File "C:\workSpace\python\project\WBMSBT\handlers\Extra\extra_base_handler.py", line 8, in get
    return self.render("extrabase.html")    # templates/
  File "C:\softDev\python35\lib\site-packages\tornado\web.py", line 856, in render
    html = self.render_string(template_name, **kwargs)
  File "C:\softDev\python35\lib\site-packages\tornado\web.py", line 1002, in render_string
    t = loader.load(template_name)
  File "C:\softDev\python35\lib\site-packages\tornado\template.py", line 445, in load
    self.templates[name] = self._create_template(name)
  File "C:\softDev\python35\lib\site-packages\tornado\template.py", line 477, in _create_template
    template = Template(f.read(), name=name, loader=self)
  File "C:\softDev\python35\lib\site-packages\tornado\template.py", line 317, in __init__
    self.file = _File(self, _parse(reader, self))
  File "C:\softDev\python35\lib\site-packages\tornado\template.py", line 1043, in _parse
    reader.raise_parse_error("unknown operator: %r" % operator)
  File "C:\softDev\python35\lib\site-packages\tornado\template.py", line 834, in raise_parse_error
    raise ParseError(msg, self.name, self.line)
tornado.template.ParseError: unknown operator: 'web' at extrabase.html:5
2019-08-01 11:16:29,795 tornado.access ERROR    - 500 GET /extra (::1) 1126.99ms
2019-08-01 11:16:30,006 tornado.access INFO     - 200 GET /favicon.ico (::1) 183.51ms
2019-08-01 11:18:25,019 tornado.access INFO     - GET /extra (::1). get extrabase.html
2019-08-01 11:18:25,039 tornado.access INFO     - 200 GET /extra (::1) 1052.19ms
2019-08-01 11:18:25,238 tornado.access INFO     - 200 GET /static/libs/js/bootstrap.min.js?v=04c84852e9937b142ac73c285b895b85 (::1) 179.55ms
2019-08-01 11:18:25,240 tornado.access INFO     - 200 GET /static/libs/css/extra.css?v=dc3f3bba5c71884b322a3f091fc4a258 (::1) 1.00ms
2019-08-01 11:18:25,253 tornado.access INFO     - 200 GET /favicon.ico (::1) 1.00ms
2019-08-01 13:56:46,863 tornado.access INFO     - GET /extra (::1). get extrabase.html
2019-08-01 13:56:46,867 tornado.access INFO     - 200 GET /extra (::1) 1044.24ms
2019-08-01 13:56:47,053 tornado.access INFO     - 200 GET /static/libs/css/extra.css?v=46790ee66af0d6319ff9d956113dc2f5 (::1) 175.56ms
2019-08-01 13:56:47,062 tornado.access INFO     - 200 GET /favicon.ico (::1) 1.00ms
2019-08-01 13:58:22,895 tornado.access INFO     - GET /extra (::1). get extrabase.html
2019-08-01 13:58:22,908 tornado.access INFO     - 200 GET /extra (::1) 1055.20ms
2019-08-01 13:58:23,116 tornado.access INFO     - 200 GET /favicon.ico (::1) 168.55ms
2019-08-01 14:05:26,746 tornado.access INFO     - GET /extra (::1). get extrabase.html
2019-08-01 14:05:26,760 tornado.access INFO     - 200 GET /extra (::1) 1044.26ms
2019-08-01 14:05:26,981 tornado.access INFO     - 200 GET /favicon.ico (::1) 172.54ms
2019-08-01 14:13:23,320 tornado.access INFO     - GET /extra (::1). get extrabase.html
2019-08-01 14:13:23,330 tornado.access INFO     - 200 GET /extra (::1) 1042.22ms
2019-08-01 14:13:23,523 tornado.access INFO     - 200 GET /static/libs/css/extra.css?v=fc5600154aa0a3e81b45cadc38f254c4 (::1) 176.53ms
2019-08-01 14:13:23,532 tornado.access INFO     - 200 GET /favicon.ico (::1) 2.03ms
2019-08-01 14:14:25,622 tornado.access INFO     - GET /extra (::1). get extrabase.html
2019-08-01 14:14:25,646 tornado.access INFO     - 200 GET /extra (::1) 1065.20ms
2019-08-01 14:14:25,859 tornado.access INFO     - 200 GET /favicon.ico (::1) 172.57ms
2019-08-01 14:15:05,263 tornado.access INFO     - GET /extra (::1). get extrabase.html
2019-08-01 14:15:05,276 tornado.access INFO     - 200 GET /extra (::1) 1058.22ms
2019-08-01 14:15:05,465 tornado.access INFO     - 200 GET /static/libs/css/extra.css?v=490aac9abe0f922268f33fb07bddbb0c (::1) 175.53ms
2019-08-01 14:15:05,474 tornado.access INFO     - 200 GET /favicon.ico (::1) 1.99ms
2019-08-01 14:15:37,788 tornado.access INFO     - 304 GET /static/libs/css/bootstrap.min.css.map (::1) 49.87ms
2019-08-01 14:17:36,667 tornado.access INFO     - GET /extra (::1). get extrabase.html
2019-08-01 14:17:36,681 tornado.access INFO     - 200 GET /extra (::1) 1057.18ms
2019-08-01 14:17:36,933 tornado.access INFO     - 200 GET /static/libs/css/extra.css?v=990d322172dbc2c3d06963643afd5a4b (::1) 188.49ms
2019-08-01 14:17:36,940 tornado.access INFO     - 200 GET /favicon.ico (::1) 1.03ms
2019-08-01 14:19:37,902 tornado.access INFO     - GET /extra (::1). get extrabase.html
2019-08-01 14:19:37,908 tornado.access INFO     - 200 GET /extra (::1) 1044.24ms
2019-08-01 14:19:38,095 tornado.access INFO     - 200 GET /static/libs/css/extra.css?v=6dff3bae632a990534f54b6fbede806f (::1) 179.52ms
2019-08-01 14:19:38,104 tornado.access INFO     - 200 GET /favicon.ico (::1) 1.00ms
2019-08-01 14:20:06,820 tornado.access INFO     - GET /extra (::1). get extrabase.html
2019-08-01 14:20:06,823 tornado.access INFO     - 200 GET /extra (::1) 1041.25ms
2019-08-01 14:20:07,027 tornado.access INFO     - 200 GET /static/libs/css/extra.css?v=2720d5f8350cee24273c442c4f9debd6 (::1) 197.47ms
2019-08-01 14:20:07,034 tornado.access INFO     - 200 GET /favicon.ico (::1) 1.02ms
2019-08-01 14:21:11,795 tornado.access INFO     - GET /extra (::1). get extrabase.html
2019-08-01 14:21:11,800 tornado.access INFO     - 200 GET /extra (::1) 1052.22ms
2019-08-01 14:21:11,984 tornado.access INFO     - 200 GET /static/libs/css/extra.css?v=854c38ba916a511d4f9b27dbd700af8b (::1) 177.52ms
2019-08-01 14:21:11,991 tornado.access INFO     - 200 GET /favicon.ico (::1) 1.02ms
2019-08-01 14:21:25,283 tornado.access INFO     - GET /extra (::1). get extrabase.html
2019-08-01 14:21:25,284 tornado.access INFO     - 304 GET /extra (::1) 1005.31ms
2019-08-01 14:21:25,320 tornado.access INFO     - 200 GET /favicon.ico (::1) 1.03ms
2019-08-01 14:21:44,731 tornado.access INFO     - GET /extra (::1). get extrabase.html
2019-08-01 14:21:44,745 tornado.access INFO     - 200 GET /extra (::1) 1065.15ms
2019-08-01 14:21:44,934 tornado.access INFO     - 200 GET /static/libs/css/extra.css?v=62137f96a5ea1047ed5d79bbbd6b3e3c (::1) 175.56ms
2019-08-01 14:21:44,942 tornado.access INFO     - 200 GET /favicon.ico (::1) 1.99ms
2019-08-01 14:22:18,951 tornado.access INFO     - GET /extra (::1). get extrabase.html
2019-08-01 14:22:18,969 tornado.access INFO     - 200 GET /extra (::1) 1058.17ms
2019-08-01 14:22:19,175 tornado.access INFO     - 200 GET /static/libs/css/extra.css?v=7abfbdcb6ed8069bd4975b13997b1928 (::1) 186.53ms
2019-08-01 14:22:19,183 tornado.access INFO     - 200 GET /favicon.ico (::1) 2.00ms
2019-08-01 14:23:03,313 tornado.access INFO     - GET /extra (::1). get extrabase.html
2019-08-01 14:23:03,326 tornado.access INFO     - 200 GET /extra (::1) 1062.19ms
2019-08-01 14:23:03,512 tornado.access INFO     - 200 GET /static/libs/css/extra.css?v=fe9d777cc70275d481827f346b1297cc (::1) 175.53ms
2019-08-01 14:23:03,520 tornado.access INFO     - 200 GET /favicon.ico (::1) 1.99ms
2019-08-01 14:29:40,938 tornado.access INFO     - GET /extra (::1). get extrabase.html
2019-08-01 14:29:40,952 tornado.access INFO     - 200 GET /extra (::1) 1049.20ms
2019-08-01 14:29:41,188 tornado.access INFO     - 200 GET /favicon.ico (::1) 181.51ms
2019-08-01 14:30:27,640 tornado.access INFO     - GET /extra (::1). get extrabase.html
2019-08-01 14:30:27,643 tornado.access INFO     - 200 GET /extra (::1) 1045.24ms
2019-08-01 14:30:27,862 tornado.access INFO     - 200 GET /favicon.ico (::1) 173.52ms
2019-08-01 14:32:01,903 tornado.access INFO     - GET /extra (::1). get extrabase.html
2019-08-01 14:32:01,907 tornado.access INFO     - 304 GET /extra (::1) 1009.30ms
2019-08-01 14:32:01,950 tornado.access INFO     - 200 GET /favicon.ico (::1) 1.00ms
2019-08-01 14:34:28,098 tornado.access INFO     - GET /extra (::1). get extrabase.html
2019-08-01 14:34:28,104 tornado.access INFO     - 200 GET /extra (::1) 1047.20ms
2019-08-01 14:34:28,317 tornado.access INFO     - 200 GET /favicon.ico (::1) 178.51ms
2019-08-01 14:43:24,637 tornado.access INFO     - GET /extra (::1). get extrabase.html
2019-08-01 14:43:24,656 tornado.access INFO     - 200 GET /extra (::1) 1053.22ms
2019-08-01 14:43:24,849 tornado.access INFO     - 200 GET /static/libs/css/extra.css?v=5ca3d69600f3595dfd1aab66f833c0c6 (::1) 181.51ms
2019-08-01 14:43:24,858 tornado.access INFO     - 200 GET /favicon.ico (::1) 1.99ms
2019-08-01 14:46:14,305 tornado.access INFO     - GET /extra (::1). get extrabase.html
2019-08-01 14:46:14,309 tornado.access INFO     - 304 GET /extra (::1) 1039.25ms
2019-08-01 14:46:14,530 tornado.access INFO     - 200 GET /favicon.ico (::1) 177.52ms
2019-08-01 14:50:32,403 tornado.access INFO     - GET /extra (::1). get extrabase.html
2019-08-01 14:50:32,407 tornado.access INFO     - 304 GET /extra (::1) 1012.30ms
2019-08-01 14:50:32,471 tornado.access INFO     - 200 GET /favicon.ico (::1) 1.00ms
2019-08-01 14:50:36,167 tornado.access INFO     - GET /extra (::1). get extrabase.html
2019-08-01 14:50:36,168 tornado.access INFO     - 304 GET /extra (::1) 1006.34ms
2019-08-01 14:50:36,210 tornado.access INFO     - 200 GET /favicon.ico (::1) 1.02ms
2019-08-01 14:50:59,196 tornado.access INFO     - GET /extra (::1). get extrabase.html
2019-08-01 14:50:59,199 tornado.access INFO     - 200 GET /extra (::1) 1037.23ms
2019-08-01 14:50:59,392 tornado.access INFO     - 200 GET /static/libs/css/extra.css?v=1903d53c94c6704c1ae5cc84448b69b9 (::1) 186.50ms
2019-08-01 14:50:59,413 tornado.access INFO     - 200 GET /favicon.ico (::1) 1.00ms
2019-08-01 15:02:20,865 tornado.access INFO     - GET /extra (::1). get extrabase.html
2019-08-01 15:02:20,878 tornado.access INFO     - 200 GET /extra (::1) 1051.19ms
2019-08-01 15:02:21,095 tornado.access INFO     - 200 GET /favicon.ico (::1) 179.52ms
2019-08-01 15:16:40,139 tornado.access INFO     - GET /extra (::1). get extrabase.html
2019-08-01 15:16:40,142 tornado.access INFO     - 200 GET /extra (::1) 1038.25ms
2019-08-01 15:16:40,338 tornado.access INFO     - 200 GET /static/libs/css/extra.css?v=164d040bfcd217007fc6f36a6156fb50 (::1) 178.55ms
2019-08-01 15:16:40,345 tornado.access INFO     - 200 GET /favicon.ico (::1) 1.00ms
2019-08-01 15:20:45,922 tornado.access INFO     - GET /extra (::1). get extrabase.html
2019-08-01 15:20:45,928 tornado.access INFO     - 200 GET /extra (::1) 1049.23ms
2019-08-01 15:20:46,151 tornado.access INFO     - 200 GET /favicon.ico (::1) 178.52ms
2019-08-01 15:24:10,669 tornado.access INFO     - GET /extra (::1). get extrabase.html
2019-08-01 15:24:10,675 tornado.access INFO     - 200 GET /extra (::1) 1042.24ms
2019-08-01 15:24:10,862 tornado.access INFO     - 200 GET /static/libs/css/extra.css?v=14bebff44e158e95c85148839222f3c8 (::1) 180.55ms
2019-08-01 15:24:10,881 tornado.access INFO     - 200 GET /favicon.ico (::1) 1.03ms
2019-08-01 15:36:10,969 tornado.access INFO     - GET /extra (::1). get extrabase.html
2019-08-01 15:36:10,973 tornado.access INFO     - 200 GET /extra (::1) 1035.23ms
2019-08-01 15:36:11,193 tornado.access INFO     - 200 GET /favicon.ico (::1) 179.52ms
2019-08-01 15:36:14,984 tornado.access INFO     - GET /extra (::1). get extrabase.html
2019-08-01 15:36:14,984 tornado.access INFO     - 304 GET /extra (::1) 1004.31ms
2019-08-01 15:36:18,601 tornado.access INFO     - GET /extra (::1). get extrabase.html
2019-08-01 15:36:18,605 tornado.access INFO     - 304 GET /extra (::1) 1011.30ms
2019-08-01 15:36:18,669 tornado.access INFO     - 200 GET /favicon.ico (::1) 0.97ms
2019-08-01 15:46:43,856 tornado.access INFO     - GET /extra (::1). get extrabase.html
2019-08-01 15:46:43,860 tornado.access INFO     - 200 GET /extra (::1) 1045.21ms
2019-08-01 15:46:44,049 tornado.access INFO     - 200 GET /static/libs/js/common.js?v=3ac87419b216ae388670524849426d3c (::1) 181.51ms
2019-08-01 15:46:44,063 tornado.access INFO     - 200 GET /favicon.ico (::1) 2.00ms
2019-08-01 15:46:46,640 tornado.access INFO     - GET /extra (::1). get extrabase.html
2019-08-01 15:46:46,641 tornado.access INFO     - 304 GET /extra (::1) 1005.31ms
2019-08-01 15:47:32,015 tornado.access INFO     - GET /extra (::1). get extrabase.html
2019-08-01 15:47:32,019 tornado.access INFO     - 200 GET /extra (::1) 1037.23ms
2019-08-01 15:47:32,232 tornado.access INFO     - 200 GET /favicon.ico (::1) 179.52ms
2019-08-01 15:49:52,409 tornado.access INFO     - GET /extra (::1). get extrabase.html
2019-08-01 15:49:52,412 tornado.access INFO     - 200 GET /extra (::1) 1036.23ms
2019-08-01 15:49:52,600 tornado.access INFO     - 200 GET /static/libs/css/extra.css?v=891cf04215174a1eeba9fc818005be5d (::1) 180.55ms
2019-08-01 15:49:52,602 tornado.access INFO     - 200 GET /static/libs/js/common.js?v=91716d2f1e0a602002f262ab1a380d5a (::1) 1.97ms
2019-08-01 15:49:52,626 tornado.access INFO     - 200 GET /favicon.ico (::1) 1.02ms
2019-08-01 15:49:56,679 tornado.access INFO     - GET /extra (::1). get extrabase.html
2019-08-01 15:49:56,680 tornado.access INFO     - 304 GET /extra (::1) 1005.31ms
2019-08-01 15:50:34,140 tornado.access INFO     - GET /extra (::1). get extrabase.html
2019-08-01 15:50:34,143 tornado.access INFO     - 200 GET /extra (::1) 1051.22ms
2019-08-01 15:50:34,356 tornado.access INFO     - 200 GET /favicon.ico (::1) 182.51ms
2019-08-01 16:00:43,515 tornado.access INFO     - GET /extra (::1). get extrabase.html
2019-08-01 16:00:43,519 tornado.access INFO     - 200 GET /extra (::1) 1029.28ms
2019-08-01 16:00:43,716 tornado.access INFO     - 200 GET /static/libs/css/extra.css?v=9f604b5a076219c503bcfd402f4ccb7b (::1) 188.48ms
2019-08-01 16:00:43,728 tornado.access INFO     - 200 GET /favicon.ico (::1) 1.99ms
2019-08-01 16:06:44,981 tornado.access INFO     - GET /extra (::1). get extrabase.html
2019-08-01 16:06:44,982 tornado.access INFO     - 304 GET /extra (::1) 1005.31ms
2019-08-01 16:06:45,028 tornado.access INFO     - 200 GET /favicon.ico (::1) 1.00ms
2019-08-01 16:07:36,003 tornado.access INFO     - GET /extra (::1). get extrabase.html
2019-08-01 16:07:36,007 tornado.access INFO     - 200 GET /extra (::1) 1036.26ms
2019-08-01 16:07:36,200 tornado.access INFO     - 200 GET /static/libs/css/extra.css?v=74ff3572e59307cd5abd4f476d2c9294 (::1) 184.54ms
2019-08-01 16:07:36,209 tornado.access INFO     - 200 GET /favicon.ico (::1) 1.03ms
2019-08-01 16:09:15,394 tornado.access INFO     - GET /extra (::1). get extrabase.html
2019-08-01 16:09:15,397 tornado.access INFO     - 200 GET /extra (::1) 1032.24ms
2019-08-01 16:09:15,587 tornado.access INFO     - 200 GET /static/libs/css/extra.css?v=79f2401bdfb444c85f4ab362bd9f5c13 (::1) 182.54ms
2019-08-01 16:09:15,595 tornado.access INFO     - 200 GET /favicon.ico (::1) 1.02ms
2019-08-01 16:12:37,684 tornado.access INFO     - GET /extra (::1). get extrabase.html
2019-08-01 16:12:37,687 tornado.access INFO     - 200 GET /extra (::1) 1041.19ms
2019-08-01 16:12:37,907 tornado.access INFO     - 200 GET /favicon.ico (::1) 176.53ms
2019-08-01 16:15:43,185 tornado.access INFO     - GET /extra (::1). get extrabase.html
2019-08-01 16:15:43,191 tornado.access INFO     - 200 GET /extra (::1) 1044.24ms
2019-08-01 16:15:43,385 tornado.access INFO     - 200 GET /static/libs/css/extra.css?v=784ac9bd591e02ee434a2ddd49949cd5 (::1) 187.49ms
2019-08-01 16:15:43,396 tornado.access INFO     - 200 GET /favicon.ico (::1) 1.03ms
2019-08-01 16:16:14,417 tornado.access INFO     - GET /extra (::1). get extrabase.html
2019-08-01 16:16:14,418 tornado.access INFO     - 304 GET /extra (::1) 1006.34ms
2019-08-01 16:16:14,463 tornado.access INFO     - 200 GET /favicon.ico (::1) 2.00ms
2019-08-01 16:19:40,277 tornado.access INFO     - GET /extra (::1). get extrabase.html
2019-08-01 16:19:40,283 tornado.access INFO     - 200 GET /extra (::1) 1040.25ms
2019-08-01 16:19:40,470 tornado.access INFO     - 200 GET /static/libs/js/common.js?v=8157c0a43c8d9c262481933064dde00b (::1) 179.55ms
2019-08-01 16:19:40,491 tornado.access INFO     - 200 GET /favicon.ico (::1) 2.02ms
2019-08-01 16:21:08,999 tornado.access INFO     - GET /extra (::1). get extrabase.html
2019-08-01 16:21:09,003 tornado.access INFO     - 200 GET /extra (::1) 1041.25ms
2019-08-01 16:21:09,191 tornado.access INFO     - 200 GET /static/libs/js/common.js?v=f55960721e0bcdf2153718526f63b8eb (::1) 179.52ms
2019-08-01 16:21:09,209 tornado.access INFO     - 200 GET /favicon.ico (::1) 1.99ms
2019-08-01 16:25:17,055 tornado.access INFO     - GET /extra (::1). get extrabase.html
2019-08-01 16:25:17,058 tornado.access INFO     - 200 GET /extra (::1) 1035.26ms
2019-08-01 16:25:17,246 tornado.access INFO     - 200 GET /static/libs/js/common.js?v=b9185b14b39cdf571c56e20672e9b692 (::1) 179.52ms
2019-08-01 16:25:17,262 tornado.access INFO     - 200 GET /favicon.ico (::1) 1.00ms
2019-08-01 16:28:53,183 tornado.access INFO     - GET /extra (::1). get extrabase.html
2019-08-01 16:28:53,186 tornado.access INFO     - 200 GET /extra (::1) 1044.24ms
2019-08-01 16:28:53,364 tornado.access INFO     - 200 GET /static/libs/js/common.js?v=1f0cf6cf76b7774237591d663b817008 (::1) 171.57ms
2019-08-01 16:28:53,380 tornado.access INFO     - 200 GET /favicon.ico (::1) 1.03ms
2019-08-01 16:30:43,815 tornado.access INFO     - GET /extra (::1). get extrabase.html
2019-08-01 16:30:43,819 tornado.access INFO     - 200 GET /extra (::1) 1036.26ms
2019-08-01 16:30:44,032 tornado.access INFO     - 200 GET /favicon.ico (::1) 177.52ms
2019-08-01 16:52:54,916 tornado.access INFO     - GET /extra (::1). get extrabase.html
2019-08-01 16:52:54,919 tornado.access INFO     - 200 GET /extra (::1) 1033.27ms
2019-08-01 16:52:55,135 tornado.access INFO     - 200 GET /favicon.ico (::1) 175.56ms
2019-08-01 17:15:58,101 tornado.access INFO     - GET /extra (::1). get extrabase.html
2019-08-01 17:15:58,108 tornado.access INFO     - 200 GET /extra (::1) 1043.24ms
2019-08-01 17:15:58,324 tornado.access INFO     - 200 GET /favicon.ico (::1) 177.52ms
2019-08-01 17:17:05,135 tornado.access INFO     - GET /extra (::1). get extrabase.html
2019-08-01 17:17:05,139 tornado.access INFO     - 200 GET /extra (::1) 1040.22ms
2019-08-01 17:17:05,322 tornado.access INFO     - 200 GET /static/libs/js/common.js?v=70c89a61428113b926f80720a049952c (::1) 176.55ms
2019-08-01 17:17:05,340 tornado.access INFO     - 200 GET /favicon.ico (::1) 1.99ms
2019-08-01 17:20:10,753 tornado.access INFO     - GET /extra (::1). get extrabase.html
2019-08-01 17:20:10,757 tornado.access INFO     - 200 GET /extra (::1) 1040.25ms
2019-08-01 17:20:10,974 tornado.access INFO     - 200 GET /favicon.ico (::1) 177.55ms
2019-08-01 17:22:37,171 tornado.access INFO     - GET /extra (::1). get extrabase.html
2019-08-01 17:22:37,175 tornado.access INFO     - 200 GET /extra (::1) 1039.22ms
2019-08-01 17:22:37,363 tornado.access INFO     - 200 GET /static/libs/js/common.js?v=9c03a3617682f21f7e6ad97f89b032cf (::1) 179.53ms
2019-08-01 17:22:37,384 tornado.access INFO     - 200 GET /favicon.ico (::1) 1.00ms
2019-08-01 17:23:52,296 tornado.access INFO     - GET /extra (::1). get extrabase.html
2019-08-01 17:23:52,300 tornado.access INFO     - 200 GET /extra (::1) 1044.24ms
2019-08-01 17:23:52,513 tornado.access INFO     - 200 GET /favicon.ico (::1) 177.53ms
2019-08-01 17:24:19,910 tornado.access INFO     - GET /extra (::1). get extrabase.html
2019-08-01 17:24:19,913 tornado.access INFO     - 200 GET /extra (::1) 1044.20ms
2019-08-01 17:24:20,093 tornado.access INFO     - 200 GET /static/libs/css/extra.css?v=5ccc847f30b4b7cbea809f5fbc03bf62 (::1) 174.53ms
2019-08-01 17:24:20,109 tornado.access INFO     - 200 GET /favicon.ico (::1) 1.99ms
2019-08-01 18:31:58,706 tornado.access INFO     - GET /extra (::1). get extrabase.html
2019-08-01 18:31:58,709 tornado.access INFO     - 304 GET /extra (::1) 1032.24ms
2019-08-01 18:31:58,935 tornado.access INFO     - 200 GET /favicon.ico (::1) 180.52ms
2019-08-01 19:24:10,816 tornado.access INFO     - GET /extra (::1). get extrabase.html
2019-08-01 19:24:10,825 tornado.access INFO     - 304 GET /extra (::1) 1070.11ms
2019-08-01 19:24:11,070 tornado.access INFO     - 200 GET /favicon.ico (::1) 182.54ms
2019-08-01 19:24:36,424 tornado.access INFO     - GET /extra (::1). get extrabase.html
2019-08-01 19:24:36,425 tornado.access INFO     - 304 GET /extra (::1) 1005.31ms
2019-08-01 19:25:05,011 tornado.access INFO     - GET /signin (::1) ,sign in.
2019-08-01 19:25:05,173 tornado.access INFO     - 200 GET /signin (::1) 314.16ms
2019-08-01 19:25:05,782 tornado.access INFO     - POST /admin/verifyCode (::1) , imgage code:7t1m
2019-08-01 19:25:05,783 tornado.access INFO     - 200 POST /admin/verifyCode (::1) 590.45ms
2019-08-01 19:25:10,764 tornado.access INFO     - POST /signin (::1) ,sign in.
2019-08-01 19:25:11,830 tornado.access INFO     - 200 POST /signin (::1) 1130.23ms
2019-08-01 19:25:13,138 tornado.access INFO     - GET /home (::1).
2019-08-01 19:25:13,138 tornado.access INFO     - get home
2019-08-01 19:25:13,276 tornado.access INFO     - 200 GET /home (::1) 1346.40ms
2019-08-01 19:25:13,284 tornado.access INFO     - 200 GET /static/libs/css/mycss.css?v=47694ccd74e3d7dac04944951c1eb6bf (::1) 1.00ms
2019-08-01 19:25:13,286 tornado.access INFO     - 200 GET /static/img/logo.png?v=0a1a4b811a3fea836eb782a7c8c009b7 (::1) 1.00ms
2019-08-01 19:25:13,401 tornado.access INFO     - 200 GET /static/libs/img/glyphicons-halflings.png (::1) 49.87ms
2019-08-01 19:25:13,436 tornado.access INFO     - 304 GET /static/libs/css/icomoon/fonts/icomoon.woff (::1) 33.91ms
2019-08-01 19:26:11,642 tornado.access INFO     - GET /extra (::1). get extrabase.html
2019-08-01 19:26:11,643 tornado.access INFO     - 304 GET /extra (::1) 1075.13ms
2019-08-01 19:41:24,934 tornado.access INFO     - GET /extra (::1). get extrabase.html
2019-08-01 19:41:24,937 tornado.access INFO     - 200 GET /extra (::1) 1041.25ms
2019-08-01 19:41:25,196 tornado.access INFO     - 200 GET /favicon.ico (::1) 177.55ms
2019-08-01 19:42:16,659 tornado.access INFO     - GET /extra (::1). get extrabase.html
2019-08-01 19:42:16,663 tornado.access INFO     - 200 GET /extra (::1) 1037.23ms
2019-08-01 19:42:16,881 tornado.access INFO     - 200 GET /favicon.ico (::1) 173.56ms
2019-08-01 19:44:27,129 tornado.access INFO     - GET /extra (::1). get extrabase.html
2019-08-01 19:44:27,133 tornado.access INFO     - 200 GET /extra (::1) 1035.23ms
2019-08-01 19:44:27,339 tornado.access INFO     - 200 GET /favicon.ico (::1) 168.55ms
2019-08-01 19:45:22,170 tornado.access INFO     - GET /extra (::1). get extrabase.html
2019-08-01 19:45:22,174 tornado.access INFO     - 200 GET /extra (::1) 1036.23ms
2019-08-01 19:45:22,382 tornado.access INFO     - 200 GET /favicon.ico (::1) 171.57ms
2019-08-01 19:49:12,974 tornado.access INFO     - GET /extra (::1). get extrabase.html
2019-08-01 19:49:12,977 tornado.access INFO     - 200 GET /extra (::1) 1033.27ms
2019-08-01 19:49:13,161 tornado.access INFO     - 200 GET /static/libs/css/extra.css?v=33a385af68d85e651fa6650af438192b (::1) 177.56ms
2019-08-01 19:49:13,178 tornado.access INFO     - 200 GET /favicon.ico (::1) 1.00ms
2019-08-01 19:49:35,986 tornado.access INFO     - GET /extra (::1). get extrabase.html
2019-08-01 19:49:35,989 tornado.access INFO     - 200 GET /extra (::1) 1030.24ms
2019-08-01 19:49:36,175 tornado.access INFO     - 200 GET /static/libs/css/extra.css?v=09b17b752fff93042cb4411ea09f5cb7 (::1) 177.52ms
2019-08-01 19:49:36,191 tornado.access INFO     - 200 GET /favicon.ico (::1) 1.00ms
2019-08-01 19:49:40,106 tornado.access INFO     - GET /extra (::1). get extrabase.html
2019-08-01 19:49:40,107 tornado.access INFO     - 304 GET /extra (::1) 1005.31ms
2019-08-01 19:49:40,143 tornado.access INFO     - 200 GET /favicon.ico (::1) 0.00ms
2019-08-01 19:52:46,581 tornado.access INFO     - GET /extra (::1). get extrabase.html
2019-08-01 19:52:46,585 tornado.access INFO     - 200 GET /extra (::1) 1035.26ms
2019-08-01 19:52:46,771 tornado.access INFO     - 200 GET /static/libs/css/extra.css?v=ef81794c03773a9caabc2dc2d7cc4f9c (::1) 179.55ms
2019-08-01 19:52:46,779 tornado.access INFO     - 200 GET /favicon.ico (::1) 1.02ms
2019-08-01 19:54:03,128 tornado.access INFO     - GET /extra (::1). get extrabase.html
2019-08-01 19:54:03,133 tornado.access INFO     - 200 GET /extra (::1) 1038.22ms
2019-08-01 19:54:03,351 tornado.access INFO     - 200 GET /favicon.ico (::1) 171.54ms
2019-08-01 19:55:32,341 tornado.access INFO     - GET /extra (::1). get extrabase.html
2019-08-01 19:55:32,345 tornado.access INFO     - 200 GET /extra (::1) 1043.24ms
2019-08-01 19:55:32,541 tornado.access INFO     - 200 GET /static/libs/css/extra.css?v=eb6b73384014eefbda9a7d897c100c71 (::1) 189.49ms
2019-08-01 19:55:32,561 tornado.access INFO     - 200 GET /favicon.ico (::1) 1.00ms
2019-08-01 19:55:58,838 tornado.access INFO     - GET /extra (::1). get extrabase.html
2019-08-01 19:55:58,842 tornado.access INFO     - 200 GET /extra (::1) 1035.26ms
2019-08-01 19:55:59,052 tornado.access INFO     - 200 GET /favicon.ico (::1) 170.54ms
2019-08-01 19:57:47,721 tornado.access INFO     - GET /extra (::1). get extrabase.html
2019-08-01 19:57:47,724 tornado.access INFO     - 200 GET /extra (::1) 1037.26ms
2019-08-01 19:57:47,933 tornado.access INFO     - 200 GET /favicon.ico (::1) 171.54ms
2019-08-02 10:29:07,706 tornado.access INFO     - GET /discuss (::1). get discuss.html
2019-08-02 10:29:07,713 tornado.access INFO     - 200 GET /discuss (::1) 1034.23ms
2019-08-02 10:29:07,955 tornado.access INFO     - 200 GET /static/libs/js/common.js?v=9c03a3617682f21f7e6ad97f89b032cf (::1) 228.39ms
2019-08-02 10:29:07,956 tornado.access INFO     - 200 GET /static/libs/css/extra.css?v=eb6b73384014eefbda9a7d897c100c71 (::1) 1.00ms
2019-08-02 11:05:35,684 tornado.access INFO     - GET /discuss (::1). get discuss.html
2019-08-02 11:05:35,685 tornado.application ERROR    - Uncaught exception GET /discuss (::1)
HTTPServerRequest(protocol='http', host='localhost:8081', method='GET', uri='/discuss', version='HTTP/1.1', remote_ip='::1')
Traceback (most recent call last):
  File "C:\softDev\python35\lib\site-packages\tornado\web.py", line 1697, in _execute
    result = method(*self.path_args, **self.path_kwargs)
  File "C:\workSpace\python\project\WBMSBT\handlers\Extra\extra_base_handler.py", line 22, in get
    discuss, totalpage = self.get_discuss()
TypeError: get_discuss() missing 1 required positional argument: 'current_page'
2019-08-02 11:05:35,694 tornado.access ERROR    - 500 GET /discuss (::1) 1042.21ms
2019-08-02 11:07:34,206 tornado.access INFO     - GET /discuss (::1). get discuss.html
2019-08-02 11:07:34,212 tornado.application ERROR    - Uncaught exception GET /discuss (::1)
HTTPServerRequest(protocol='http', host='localhost:8081', method='GET', uri='/discuss', version='HTTP/1.1', remote_ip='::1')
Traceback (most recent call last):
  File "C:\softDev\python35\lib\site-packages\tornado\web.py", line 1697, in _execute
    result = method(*self.path_args, **self.path_kwargs)
  File "C:\workSpace\python\project\WBMSBT\handlers\Extra\extra_base_handler.py", line 24, in get
    return self.render("extra/discuss.html", discuss=discuss)
  File "C:\softDev\python35\lib\site-packages\tornado\web.py", line 856, in render
    html = self.render_string(template_name, **kwargs)
  File "C:\softDev\python35\lib\site-packages\tornado\web.py", line 1002, in render_string
    t = loader.load(template_name)
  File "C:\softDev\python35\lib\site-packages\tornado\template.py", line 445, in load
    self.templates[name] = self._create_template(name)
  File "C:\softDev\python35\lib\site-packages\tornado\template.py", line 477, in _create_template
    template = Template(f.read(), name=name, loader=self)
  File "C:\softDev\python35\lib\site-packages\tornado\template.py", line 317, in __init__
    self.file = _File(self, _parse(reader, self))
  File "C:\softDev\python35\lib\site-packages\tornado\template.py", line 1019, in _parse
    block_body = _parse(reader, template, operator, in_loop)
  File "C:\softDev\python35\lib\site-packages\tornado\template.py", line 859, in _parse
    "Missing {%% end %%} block for %s" % in_block
  File "C:\softDev\python35\lib\site-packages\tornado\template.py", line 834, in raise_parse_error
    raise ParseError(msg, self.name, self.line)
tornado.template.ParseError: Missing {% end %} block for block at extra/discuss.html:32
2019-08-02 11:07:34,226 tornado.access ERROR    - 500 GET /discuss (::1) 1045.16ms
2019-08-02 11:08:14,440 tornado.access INFO     - GET /discuss (::1). get discuss.html
2019-08-02 11:08:14,450 tornado.access INFO     - 200 GET /discuss (::1) 1044.21ms
2019-08-02 11:08:14,694 tornado.access INFO     - 304 GET /static/libs/js/jquery.min.js?v=9a094379d98c6458d480ad5a51c4aa27 (::1) 225.43ms
2019-08-02 11:08:14,695 tornado.access INFO     - 304 GET /static/libs/css/bootstrap.min.css?v=358aa6f9496167baf5bf7056149af02b (::1) 226.39ms
2019-08-02 11:08:14,696 tornado.access INFO     - 304 GET /static/libs/js/bootstrap.min.js?v=04c84852e9937b142ac73c285b895b85 (::1) 226.35ms
2019-08-02 11:08:14,698 tornado.access INFO     - 304 GET /static/libs/css/extra.css?v=eb6b73384014eefbda9a7d897c100c71 (::1) 1.00ms
2019-08-02 11:08:14,699 tornado.access INFO     - 304 GET /static/libs/js/common.js?v=9c03a3617682f21f7e6ad97f89b032cf (::1) 2.00ms
2019-08-02 11:15:03,249 tornado.access INFO     - GET /discuss (::1). get discuss.html
2019-08-02 11:15:03,262 tornado.access INFO     - 200 GET /discuss (::1) 1049.20ms
2019-08-02 11:15:03,483 tornado.access INFO     - 200 GET /static/libs/css/extra.css?v=ef81794c03773a9caabc2dc2d7cc4f9c (::1) 217.45ms
2019-08-02 11:15:03,485 tornado.access INFO     - 304 GET /static/libs/css/bootstrap.min.css?v=358aa6f9496167baf5bf7056149af02b (::1) 0.96ms
2019-08-02 11:15:03,485 tornado.access INFO     - 304 GET /static/libs/js/bootstrap.min.js?v=04c84852e9937b142ac73c285b895b85 (::1) 0.96ms
2019-08-02 11:15:03,487 tornado.access INFO     - 304 GET /static/libs/js/jquery.min.js?v=9a094379d98c6458d480ad5a51c4aa27 (::1) 1.00ms
2019-08-02 11:15:03,488 tornado.access INFO     - 304 GET /static/libs/js/common.js?v=9c03a3617682f21f7e6ad97f89b032cf (::1) 0.97ms
2019-08-02 11:17:09,504 tornado.access INFO     - GET /discuss (::1). get discuss.html
2019-08-02 11:17:09,515 tornado.access INFO     - 200 GET /discuss (::1) 1047.20ms
2019-08-02 11:17:09,744 tornado.access INFO     - 304 GET /static/libs/js/jquery.min.js?v=9a094379d98c6458d480ad5a51c4aa27 (::1) 223.40ms
2019-08-02 11:17:09,746 tornado.access INFO     - 304 GET /static/libs/js/bootstrap.min.js?v=04c84852e9937b142ac73c285b895b85 (::1) 1.03ms
2019-08-02 11:17:09,747 tornado.access INFO     - 304 GET /static/libs/css/bootstrap.min.css?v=358aa6f9496167baf5bf7056149af02b (::1) 2.02ms
2019-08-02 11:17:09,748 tornado.access INFO     - 304 GET /static/libs/js/common.js?v=9c03a3617682f21f7e6ad97f89b032cf (::1) 1.00ms
2019-08-02 11:17:09,749 tornado.access INFO     - 200 GET /static/libs/css/extra.css?v=ab97cbd156405d9fb0bca55e5939e58d (::1) 0.99ms
2019-08-02 13:07:06,679 tornado.access INFO     - GET /discuss (::1). get discuss.html
2019-08-02 13:07:06,689 tornado.access INFO     - 200 GET /discuss (::1) 1045.20ms
2019-08-02 13:07:06,919 tornado.access INFO     - 304 GET /static/libs/js/bootstrap.min.js?v=04c84852e9937b142ac73c285b895b85 (::1) 225.43ms
2019-08-02 13:07:06,921 tornado.access INFO     - 304 GET /static/libs/js/jquery.min.js?v=9a094379d98c6458d480ad5a51c4aa27 (::1) 2.00ms
2019-08-02 13:07:06,921 tornado.access INFO     - 304 GET /static/libs/css/bootstrap.min.css?v=358aa6f9496167baf5bf7056149af02b (::1) 1.00ms
2019-08-02 13:07:06,923 tornado.access INFO     - 304 GET /static/libs/js/common.js?v=9c03a3617682f21f7e6ad97f89b032cf (::1) 0.98ms
2019-08-02 13:07:06,924 tornado.access INFO     - 304 GET /static/libs/css/extra.css?v=ab97cbd156405d9fb0bca55e5939e58d (::1) 1.00ms
2019-08-02 13:20:20,370 tornado.access INFO     - GET /discuss (::1). get discuss.html
2019-08-02 13:20:20,381 tornado.access INFO     - 200 GET /discuss (::1) 1047.20ms
2019-08-02 13:20:20,610 tornado.access INFO     - 200 GET /static/libs/css/extra.css?v=bfa64ebc06861f89a88df9388888e958 (::1) 224.40ms
2019-08-02 13:20:20,613 tornado.access INFO     - 304 GET /static/libs/js/jquery.min.js?v=9a094379d98c6458d480ad5a51c4aa27 (::1) 1.99ms
2019-08-02 13:20:20,614 tornado.access INFO     - 304 GET /static/libs/css/bootstrap.min.css?v=358aa6f9496167baf5bf7056149af02b (::1) 2.99ms
2019-08-02 13:20:20,614 tornado.access INFO     - 304 GET /static/libs/js/bootstrap.min.js?v=04c84852e9937b142ac73c285b895b85 (::1) 2.99ms
2019-08-02 13:20:20,615 tornado.access INFO     - 304 GET /static/libs/js/common.js?v=9c03a3617682f21f7e6ad97f89b032cf (::1) 1.00ms
2019-08-02 13:23:12,306 tornado.access INFO     - GET /discuss (::1). get discuss.html
2019-08-02 13:23:12,317 tornado.access INFO     - 200 GET /discuss (::1) 1048.23ms
2019-08-02 13:23:12,541 tornado.access INFO     - 200 GET /static/libs/css/extra.css?v=99cef043ddda5b1e98a66664e886d416 (::1) 218.45ms
2019-08-02 13:23:12,543 tornado.access INFO     - 304 GET /static/libs/js/jquery.min.js?v=9a094379d98c6458d480ad5a51c4aa27 (::1) 1.99ms
2019-08-02 13:23:12,545 tornado.access INFO     - 304 GET /static/libs/js/bootstrap.min.js?v=04c84852e9937b142ac73c285b895b85 (::1) 2.99ms
2019-08-02 13:23:12,546 tornado.access INFO     - 304 GET /static/libs/css/bootstrap.min.css?v=358aa6f9496167baf5bf7056149af02b (::1) 4.03ms
2019-08-02 13:23:12,548 tornado.access INFO     - 304 GET /static/libs/js/common.js?v=9c03a3617682f21f7e6ad97f89b032cf (::1) 1.03ms
2019-08-02 13:27:27,973 tornado.access INFO     - GET /discuss (::1). get discuss.html
2019-08-02 13:27:27,984 tornado.access INFO     - 200 GET /discuss (::1) 1045.21ms
2019-08-02 13:27:28,211 tornado.access INFO     - 304 GET /static/libs/js/jquery.min.js?v=9a094379d98c6458d480ad5a51c4aa27 (::1) 223.40ms
2019-08-02 13:27:28,212 tornado.access INFO     - 304 GET /static/libs/js/common.js?v=9c03a3617682f21f7e6ad97f89b032cf (::1) 1.00ms
2019-08-02 13:27:28,213 tornado.access INFO     - 304 GET /static/libs/css/bootstrap.min.css?v=358aa6f9496167baf5bf7056149af02b (::1) 2.00ms
2019-08-02 13:27:28,215 tornado.access INFO     - 304 GET /static/libs/js/bootstrap.min.js?v=04c84852e9937b142ac73c285b895b85 (::1) 1.99ms
2019-08-02 13:27:28,216 tornado.access INFO     - 200 GET /static/libs/css/extra.css?v=e36a2ebf83b9a6edda680902a1d32411 (::1) 1.99ms
2019-08-02 13:48:00,134 tornado.access INFO     - GET /discuss (::1). get discuss.html
2019-08-02 13:48:00,144 tornado.access INFO     - 200 GET /discuss (::1) 1050.19ms
2019-08-02 13:48:00,377 tornado.access INFO     - 200 GET /static/libs/css/extra.css?v=830a43077d70ad039ee63d11daf53c19 (::1) 228.39ms
2019-08-02 13:48:00,379 tornado.access INFO     - 304 GET /static/libs/css/bootstrap.min.css?v=358aa6f9496167baf5bf7056149af02b (::1) 1.00ms
2019-08-02 13:48:00,380 tornado.access INFO     - 304 GET /static/libs/js/common.js?v=9c03a3617682f21f7e6ad97f89b032cf (::1) 2.02ms
2019-08-02 13:48:00,381 tornado.access INFO     - 304 GET /static/libs/js/jquery.min.js?v=9a094379d98c6458d480ad5a51c4aa27 (::1) 2.00ms
2019-08-02 13:48:00,382 tornado.access INFO     - 304 GET /static/libs/js/bootstrap.min.js?v=04c84852e9937b142ac73c285b895b85 (::1) 1.00ms
2019-08-02 15:17:39,252 tornado.access WARNING  - 404 GET /discuss (::1) 0.99ms
2019-08-02 15:17:46,138 tornado.access WARNING  - 404 GET /discuss (::1) 0.00ms
2019-08-02 15:19:12,745 tornado.access WARNING  - 404 GET /discuss (::1) 1.03ms
2019-08-02 15:21:05,724 tornado.access WARNING  - 404 GET /discuss (::1) 1.00ms
2019-08-02 15:21:10,452 tornado.access INFO     - 200 GET /discuss/1 (::1) 1130.98ms
2019-08-02 15:21:10,687 tornado.access INFO     - 200 GET /static/libs/js/common.js?v=a044e56434adf293dfc087c029848287 (::1) 232.41ms
2019-08-02 15:30:42,899 tornado.access INFO     - GET /discuss/1 (::1). get discuss.html.topic:1
2019-08-02 15:30:42,931 tornado.access INFO     - 200 GET /discuss/1 (::1) 1068.12ms
2019-08-02 15:30:43,169 tornado.access INFO     - 304 GET /static/libs/css/bootstrap.min.css?v=358aa6f9496167baf5bf7056149af02b (::1) 229.42ms
2019-08-02 15:30:43,170 tornado.access INFO     - 304 GET /static/libs/js/bootstrap.min.js?v=04c84852e9937b142ac73c285b895b85 (::1) 229.41ms
2019-08-02 15:30:43,172 tornado.access INFO     - 304 GET /static/libs/css/extra.css?v=830a43077d70ad039ee63d11daf53c19 (::1) 1.00ms
2019-08-02 15:30:43,173 tornado.access INFO     - 200 GET /static/libs/js/common.js?v=9e5914d7578500f410de06be62f97247 (::1) 1.99ms
2019-08-02 15:30:43,174 tornado.access INFO     - 304 GET /static/libs/js/jquery.min.js?v=9a094379d98c6458d480ad5a51c4aa27 (::1) 1.99ms
2019-08-02 15:34:19,883 tornado.access INFO     - GET /discuss/1 (::1). get discuss.html.topic:1
2019-08-02 15:34:19,892 tornado.access INFO     - 200 GET /discuss/1 (::1) 1053.21ms
2019-08-02 15:34:20,254 tornado.access INFO     - 200 GET /static/libs/js/common.js?v=608c7850aa11137392e0e71e29647948 (::1) 235.34ms
2019-08-02 15:34:20,256 tornado.access INFO     - 200 GET /static/libs/css/extra.css?v=830a43077d70ad039ee63d11daf53c19 (::1) 1.00ms
2019-08-02 15:37:25,109 tornado.access INFO     - GET /discuss/1 (::1). get discuss.html.topic:1
2019-08-02 15:37:25,116 tornado.access INFO     - 200 GET /discuss/1 (::1) 1051.22ms
2019-08-02 15:37:25,355 tornado.access INFO     - 200 GET /static/libs/js/common.js?v=5dc90a7abc38003c238617986bf7271e (::1) 230.41ms
2019-08-02 15:37:25,415 tornado.access INFO     - 200 GET /favicon.ico (::1) 9.93ms
2019-08-02 15:37:55,264 tornado.access INFO     - GET /discuss/1 (::1). get discuss.html.topic:1
2019-08-02 15:37:55,272 tornado.access INFO     - 304 GET /discuss/1 (::1) 1047.23ms
2019-08-02 15:37:55,536 tornado.access INFO     - 200 GET /favicon.ico (::1) 232.41ms
2019-08-02 15:38:48,203 tornado.access INFO     - GET /discuss/1 (::1). get discuss.html.topic:1
2019-08-02 15:38:48,211 tornado.access INFO     - 200 GET /discuss/1 (::1) 1042.22ms
2019-08-02 15:38:48,454 tornado.access INFO     - 200 GET /static/libs/js/common.js?v=36b4e4e0305d0821b915f6b969c79f6c (::1) 234.40ms
2019-08-02 15:38:48,475 tornado.access INFO     - 200 GET /favicon.ico (::1) 1.99ms
2019-08-02 15:39:55,610 tornado.access INFO     - GET /discuss/1 (::1). get discuss.html.topic:1
2019-08-02 15:39:55,622 tornado.access INFO     - 200 GET /discuss/1 (::1) 1049.23ms
2019-08-02 15:39:55,875 tornado.access INFO     - 200 GET /favicon.ico (::1) 222.43ms
2019-08-02 15:39:58,573 tornado.access WARNING  - 404 POST /discuss (::1) 0.94ms
2019-08-02 15:44:03,822 tornado.access INFO     - GET /discuss/1 (::1). get discuss.html.topic:1
2019-08-02 15:44:03,838 tornado.access INFO     - 200 GET /discuss/1 (::1) 1049.23ms
2019-08-02 15:44:04,109 tornado.access INFO     - 200 GET /favicon.ico (::1) 227.42ms
2019-08-02 15:44:06,033 tornado.access WARNING  - 404 POST /discuss/+dis+ (::1) 1.00ms
2019-08-02 15:46:08,027 tornado.access WARNING  - 404 POST /discuss/+dis+ (::1) 1.00ms
2019-08-02 15:48:11,240 tornado.access INFO     - GET /discuss/1 (::1). get discuss.html.topic:1
2019-08-02 15:48:11,247 tornado.access INFO     - 200 GET /discuss/1 (::1) 1040.25ms
2019-08-02 15:48:11,520 tornado.access INFO     - 200 GET /favicon.ico (::1) 226.42ms
2019-08-02 15:48:14,762 tornado.access WARNING  - 404 POST /discuss/'+dis+' (::1) 1.00ms
2019-08-02 15:49:00,882 tornado.access WARNING  - 404 POST /discuss/'+dis+' (::1) 1.00ms
2019-08-02 15:49:54,864 tornado.access INFO     - GET /discuss/1 (::1). get discuss.html.topic:1
2019-08-02 15:49:54,874 tornado.access INFO     - 200 GET /discuss/1 (::1) 1048.20ms
2019-08-02 15:49:55,143 tornado.access INFO     - 200 GET /favicon.ico (::1) 222.42ms
2019-08-02 15:49:57,506 tornado.access WARNING  - 404 POST /discuss/[object%20HTMLTextAreaElement] (::1) 0.00ms
2019-08-02 15:52:41,299 tornado.access INFO     - GET /discuss/1 (::1). get discuss.html.topic:1
2019-08-02 15:52:41,308 tornado.access INFO     - 200 GET /discuss/1 (::1) 1045.21ms
2019-08-02 15:52:41,573 tornado.access INFO     - 200 GET /favicon.ico (::1) 222.42ms
2019-08-02 15:52:44,753 tornado.access WARNING  - 404 POST /discuss/[object%20HTMLTextAreaElement] (::1) 0.00ms
2019-08-02 15:54:59,403 tornado.access INFO     - GET /discuss/1 (::1). get discuss.html.topic:1
2019-08-02 15:54:59,425 tornado.access INFO     - 200 GET /discuss/1 (::1) 1057.20ms
2019-08-02 15:54:59,691 tornado.access INFO     - 200 GET /favicon.ico (::1) 221.44ms
2019-08-02 15:56:20,980 tornado.access INFO     - GET /discuss/1 (::1). get discuss.html.topic:1
2019-08-02 15:56:20,997 tornado.access INFO     - 200 GET /discuss/1 (::1) 1053.18ms
2019-08-02 15:56:21,270 tornado.access INFO     - 200 GET /favicon.ico (::1) 230.38ms
2019-08-02 15:56:24,449 tornado.general WARNING  - 400 POST /discuss/1 (::1): Missing argument dicuss
2019-08-02 15:56:24,451 tornado.access WARNING  - 400 POST /discuss/1 (::1) 1009.30ms
2019-08-02 16:03:20,954 tornado.access INFO     - GET /discuss/1 (::1). get discuss.html.topic:1
2019-08-02 16:03:20,970 tornado.access INFO     - 200 GET /discuss/1 (::1) 1049.20ms
2019-08-02 16:03:21,240 tornado.access INFO     - 200 GET /favicon.ico (::1) 227.42ms
2019-08-02 16:06:34,882 tornado.access INFO     - GET /discuss/1 (::1). get discuss.html.topic:1
2019-08-02 16:06:34,889 tornado.access INFO     - 200 GET /discuss/1 (::1) 1044.24ms
2019-08-02 16:06:35,164 tornado.access INFO     - 200 GET /favicon.ico (::1) 228.39ms
2019-08-02 16:06:39,056 tornado.general WARNING  - 400 POST /discuss/1 (::1): Missing argument dicuss
2019-08-02 16:06:39,057 tornado.access WARNING  - 400 POST /discuss/1 (::1) 1006.28ms
2019-08-02 16:08:20,110 tornado.access INFO     - GET /discuss/1 (::1). get discuss.html.topic:1
2019-08-02 16:08:20,117 tornado.access INFO     - 304 GET /discuss/1 (::1) 1044.24ms
2019-08-02 16:08:20,379 tornado.access INFO     - 200 GET /favicon.ico (::1) 221.43ms
2019-08-02 16:08:24,045 tornado.access INFO     - 200 POST /discuss/1 (::1) 1045.20ms
2019-08-02 16:11:47,489 tornado.access INFO     - GET /discuss/1 (::1). get discuss.html.topic:1
2019-08-02 16:11:47,499 tornado.access INFO     - 200 GET /discuss/1 (::1) 1053.21ms
2019-08-02 16:11:47,762 tornado.access INFO     - 200 GET /favicon.ico (::1) 220.44ms
2019-08-02 16:11:52,646 tornado.access INFO     - 200 POST /discuss/1 (::1) 2252.98ms
2019-08-02 16:15:56,417 tornado.access INFO     - GET /discuss/1 (::1). get discuss.html.topic:1
2019-08-02 16:15:56,427 tornado.access INFO     - 200 GET /discuss/1 (::1) 1058.20ms
2019-08-02 16:15:56,693 tornado.access INFO     - 200 GET /favicon.ico (::1) 222.43ms
2019-08-02 16:16:02,579 tornado.access INFO     - 200 POST /discuss/1 (::1) 1010.27ms
2019-08-02 16:16:03,593 tornado.access INFO     - GET /discuss/1 (::1). get discuss.html.topic:1
2019-08-02 16:16:03,603 tornado.access INFO     - 200 GET /discuss/1 (::1) 1018.28ms
2019-08-02 16:18:02,965 tornado.access INFO     - GET /discuss/1 (::1). get discuss.html.topic:1
2019-08-02 16:18:02,973 tornado.access INFO     - 200 GET /discuss/1 (::1) 1050.22ms
2019-08-02 16:18:03,234 tornado.access INFO     - 200 GET /favicon.ico (::1) 225.43ms
2019-08-02 16:18:06,970 tornado.access INFO     - 200 POST /discuss/1 (::1) 1025.26ms
2019-08-02 16:19:13,123 tornado.access INFO     - GET /discuss/1 (::1). get discuss.html.topic:1
2019-08-02 16:19:13,131 tornado.access INFO     - 200 GET /discuss/1 (::1) 1049.22ms
2019-08-02 16:19:13,395 tornado.access INFO     - 200 GET /favicon.ico (::1) 225.43ms
2019-08-02 16:19:17,052 tornado.access INFO     - 200 POST /discuss/1 (::1) 1027.30ms
2019-08-02 16:22:10,699 tornado.access INFO     - GET /discuss/1 (::1). get discuss.html.topic:1
2019-08-02 16:22:10,722 tornado.access INFO     - 200 GET /discuss/1 (::1) 1062.19ms
2019-08-02 16:22:10,981 tornado.access INFO     - 200 GET /favicon.ico (::1) 223.40ms
2019-08-02 16:22:13,970 tornado.access INFO     - 200 POST /discuss/1 (::1) 1009.33ms
2019-08-02 16:27:37,770 tornado.access INFO     - GET /discuss/1 (::1). get discuss.html.topic:1
2019-08-02 16:27:37,796 tornado.access INFO     - 200 GET /discuss/1 (::1) 1063.19ms
2019-08-02 16:27:38,071 tornado.access INFO     - 200 GET /favicon.ico (::1) 226.42ms
2019-08-02 16:27:43,175 tornado.access INFO     - 200 POST /discuss/1 (::1) 1102.06ms
2019-08-02 16:27:44,195 tornado.access INFO     - GET /discuss/1 (::1). get discuss.html.topic:1
2019-08-02 16:27:44,197 tornado.access INFO     - 200 GET /discuss/1 (::1) 1008.33ms
2019-08-02 17:01:51,651 tornado.access WARNING  - 404 GET /topic (::1) 1.03ms
2019-08-02 17:01:57,279 tornado.access INFO     - GET /extra (::1). get extrabase.html
2019-08-02 17:01:57,300 tornado.access INFO     - 200 GET /extra (::1) 1062.19ms
2019-08-02 17:06:47,578 tornado.access INFO     - GET /extra (::1). get extrabase.html
2019-08-02 17:06:47,623 tornado.access INFO     - 200 GET /extra (::1) 1095.10ms
2019-08-02 17:06:47,899 tornado.access INFO     - 200 GET /favicon.ico (::1) 224.40ms
2019-08-02 17:12:32,296 tornado.access INFO     - GET /extra (::1). get extrabase.html
2019-08-02 17:12:32,345 tornado.access INFO     - 200 GET /extra (::1) 1091.11ms
2019-08-02 17:12:32,613 tornado.access INFO     - 200 GET /favicon.ico (::1) 225.43ms
2019-08-02 17:16:03,189 tornado.access INFO     - GET /extra (::1). get extrabase.html
2019-08-02 17:16:03,218 tornado.access INFO     - 200 GET /extra (::1) 1063.19ms
2019-08-02 17:16:03,502 tornado.access INFO     - 200 GET /favicon.ico (::1) 225.43ms
2019-08-02 17:23:38,840 tornado.access INFO     - GET /extra (::1). get extrabase.html
2019-08-02 17:23:38,884 tornado.access INFO     - 200 GET /extra (::1) 1091.12ms
2019-08-02 17:23:39,122 tornado.access INFO     - 200 GET /static/libs/css/extra.css?v=0b13238d4db61dd3c174bcef84733818 (::1) 228.42ms
2019-08-02 17:23:39,141 tornado.access INFO     - 200 GET /favicon.ico (::1) 1.00ms
2019-08-03 09:49:45,169 tornado.access WARNING  - 404 GET /topic (::1) 1.00ms
2019-08-03 09:51:57,851 tornado.access INFO     - GET /topic (::1). get extrabase.html
2019-08-03 09:51:57,857 tornado.application ERROR    - Uncaught exception GET /topic (::1)
HTTPServerRequest(protocol='http', host='localhost:8081', method='GET', uri='/topic', version='HTTP/1.1', remote_ip='::1')
Traceback (most recent call last):
  File "C:\softDev\python35\lib\site-packages\tornado\web.py", line 1697, in _execute
    result = method(*self.path_args, **self.path_kwargs)
  File "C:\workSpace\python\project\WBMSBT\handlers\Extra\extra_topic_handler.py", line 21, in get
    self.render("extra/topic.html")  # templates/
  File "C:\softDev\python35\lib\site-packages\tornado\web.py", line 856, in render
    html = self.render_string(template_name, **kwargs)
  File "C:\softDev\python35\lib\site-packages\tornado\web.py", line 1005, in render_string
    return t.generate(**namespace)
  File "C:\softDev\python35\lib\site-packages\tornado\template.py", line 361, in generate
    return execute()
  File "extra/topic_html.generated.py", line 40, in _tt_execute
    _tt_tmp = discuss[0].topic_id  # extra/topic.html:45 (via extrabase.html:41)
NameError: name 'discuss' is not defined
2019-08-03 09:51:57,911 tornado.access ERROR    - 500 GET /topic (::1) 1201.81ms
2019-08-03 09:51:58,169 tornado.access INFO     - 200 GET /favicon.ico (::1) 232.38ms
2019-08-03 09:53:00,459 tornado.access INFO     - GET /topic (::1). get extrabase.html
2019-08-03 09:53:00,467 tornado.access INFO     - 200 GET /topic (::1) 1040.24ms
2019-08-03 09:53:00,865 tornado.access INFO     - 200 GET /favicon.ico (::1) 223.40ms
2019-08-03 09:57:02,170 tornado.access INFO     - GET /topic (::1). get extrabase.html
2019-08-03 09:57:02,177 tornado.access INFO     - 200 GET /topic (::1) 1049.22ms
2019-08-03 09:57:02,417 tornado.access INFO     - 200 GET /static/libs/css/extra.css?v=a2e4db4c23482b7cea00efffe08bfaa5 (::1) 233.38ms
2019-08-03 09:57:02,428 tornado.access INFO     - 200 GET /favicon.ico (::1) 1.99ms
2019-08-03 09:57:51,551 tornado.access INFO     - GET /topic (::1). get extrabase.html
2019-08-03 09:57:51,569 tornado.access INFO     - 200 GET /topic (::1) 1058.17ms
2019-08-03 09:57:51,855 tornado.access INFO     - 200 GET /static/libs/css/extra.css?v=4c1dee73d5206e308b98e67af1c76abf (::1) 232.40ms
2019-08-03 09:57:51,864 tornado.access INFO     - 200 GET /favicon.ico (::1) 0.99ms
2019-08-03 10:38:50,807 tornado.access INFO     - GET /topic (::1). get extrabase.html
2019-08-03 10:38:50,819 tornado.access INFO     - 200 GET /topic (::1) 1049.22ms
2019-08-03 10:38:51,087 tornado.access INFO     - 200 GET /favicon.ico (::1) 232.41ms
2019-08-03 10:40:15,669 tornado.access INFO     - GET /topic (::1). get extrabase.html
2019-08-03 10:40:15,754 tornado.access INFO     - 200 GET /topic (::1) 1117.02ms
2019-08-03 10:40:16,117 tornado.access INFO     - 200 GET /favicon.ico (::1) 233.40ms
2019-08-03 10:40:45,770 tornado.access INFO     - GET /topic (127.0.0.1). get extrabase.html
2019-08-03 10:40:45,778 tornado.access INFO     - 200 GET /topic (127.0.0.1) 1041.25ms
2019-08-03 10:40:46,022 tornado.access INFO     - 200 GET /favicon.ico (127.0.0.1) 220.40ms
2019-08-03 10:41:05,720 tornado.access INFO     - GET /topic (::1). get extrabase.html
2019-08-03 10:41:05,725 tornado.access INFO     - 200 GET /topic (::1) 1047.23ms
2019-08-03 10:41:05,969 tornado.access INFO     - 200 GET /favicon.ico (::1) 220.44ms
2019-08-03 10:41:09,452 tornado.access INFO     - GET /topic (::1). get extrabase.html
2019-08-03 10:41:09,456 tornado.access INFO     - 304 GET /topic (::1) 1010.32ms
2019-08-03 10:41:09,476 tornado.access INFO     - 200 GET /favicon.ico (::1) 1.00ms
2019-08-03 10:42:55,024 tornado.access INFO     - GET /topic (::1). get extrabase.html
2019-08-03 10:42:55,025 tornado.access INFO     - 304 GET /topic (::1) 1006.31ms
2019-08-03 10:42:55,058 tornado.access INFO     - 200 GET /favicon.ico (::1) 1.00ms
2019-08-03 10:48:16,029 tornado.access INFO     - GET /topic (::1). get extrabase.html
2019-08-03 10:48:16,030 tornado.access INFO     - 304 GET /topic (::1) 1006.31ms
2019-08-03 10:48:16,078 tornado.access INFO     - 200 GET /favicon.ico (::1) 1.00ms
2019-08-03 10:51:12,590 tornado.access WARNING  - 403 POST /topic (::1) 1009.34ms
2019-08-03 10:53:04,790 tornado.access INFO     - GET / (::1) ,sign in.
2019-08-03 10:53:04,811 tornado.access INFO     - 304 GET / (::1) 1084.06ms
2019-08-03 10:53:05,266 tornado.access INFO     - POST /admin/verifyCode (::1) , imgage code:09LW
2019-08-03 10:53:05,266 tornado.access INFO     - 200 POST /admin/verifyCode (::1) 410.89ms
2019-08-03 10:53:10,709 tornado.access INFO     - POST /signin (::1) ,sign in.
2019-08-03 10:53:11,754 tornado.access INFO     - 200 POST /signin (::1) 1143.95ms
2019-08-03 10:53:13,001 tornado.access INFO     - GET /home (::1).
2019-08-03 10:53:13,001 tornado.access INFO     - get home
2019-08-03 10:53:13,071 tornado.access INFO     - 304 GET /home (::1) 1263.66ms
2019-08-03 10:53:20,667 tornado.access INFO     - GET /topic (::1). get extrabase.html
2019-08-03 10:53:20,673 tornado.access INFO     - 200 GET /topic (::1) 1163.92ms
2019-08-03 10:53:20,980 tornado.access INFO     - 200 GET /favicon.ico (::1) 230.38ms
2019-08-03 10:55:14,549 tornado.access INFO     - GET /topic (::1). get extrabase.html
2019-08-03 10:55:14,558 tornado.access INFO     - 200 GET /topic (::1) 1123.03ms
2019-08-03 10:55:14,849 tornado.access INFO     - 200 GET /favicon.ico (::1) 230.41ms
2019-08-03 10:55:29,464 tornado.access INFO     - POST /topic (::1). post add a topic
2019-08-03 10:55:29,541 tornado.access INFO     - 200 POST /topic (::1) 1152.96ms
2019-08-03 10:55:32,997 tornado.access INFO     - GET /topic (::1). get extrabase.html
2019-08-03 10:55:33,000 tornado.access INFO     - 200 GET /topic (::1) 1130.03ms
